<?xml version="1.0" encoding="UTF-8"?>
<!-- Generated by org.testng.reporters.JUnitReportReporter -->
<testsuite skipped="0" hostname="KONOHA" name="Test.TestFlight" tests="1" failures="0" timestamp="19 jun 2019 04:21:27 GMT" time="85.102" errors="0">
  <testcase name="pruebaFligth" time="85.102" classname="Test.TestFlight"/>
</testsuite> <!-- Test.TestFlight -->
